<?xml version="1.0" encoding="UTF-8"?>
<testsuite name="TestExtensionFunctions" tests="2" skipped="0" failures="0" errors="0" timestamp="2018-01-16T07:24:17" hostname="DESKTOP-RVT50BM" time="0.0">
  <properties/>
  <testcase name="testPairExtension" classname="TestExtensionFunctions" time="0.0"/>
  <testcase name="testIntExtension" classname="TestExtensionFunctions" time="0.0"/>
  <system-out><![CDATA[]]></system-out>
  <system-err><![CDATA[]]></system-err>
</testsuite>
