<?xml version="1.0" encoding="UTF-8"?>
<testsuite name="TestFunctions" tests="1" skipped="0" failures="0" errors="0" timestamp="2018-01-15T13:27:20" hostname="DESKTOP-RVT50BM" time="0.025">
  <properties/>
  <testcase name="collection" classname="TestFunctions" time="0.025"/>
  <system-out><![CDATA[]]></system-out>
  <system-err><![CDATA[]]></system-err>
</testsuite>
