<?xml version="1.0" encoding="UTF-8"?>
<testsuite name="TestNamedArguments" tests="1" skipped="0" failures="0" errors="0" timestamp="2018-01-15T14:28:09" hostname="DESKTOP-RVT50BM" time="0.033">
  <properties/>
  <testcase name="testJoinToString" classname="TestNamedArguments" time="0.033"/>
  <system-out><![CDATA[]]></system-out>
  <system-err><![CDATA[]]></system-err>
</testsuite>
