<?xml version="1.0" encoding="UTF-8"?>
<testsuite name="TestLambdas" tests="2" skipped="0" failures="0" errors="0" timestamp="2018-01-15T15:01:30" hostname="DESKTOP-RVT50BM" time="0.026">
  <properties/>
  <testcase name="contains" classname="TestLambdas" time="0.025"/>
  <testcase name="notContains" classname="TestLambdas" time="0.0"/>
  <system-out><![CDATA[]]></system-out>
  <system-err><![CDATA[]]></system-err>
</testsuite>
